INFO: CSV file loaded successfully.
INFO: CSV file loaded successfully.
INFO: Missing values in Country filled with median: 2.0
INFO: Missing values in B_HH_count filled with median: 6.0
INFO: Missing values in B_m1_gender filled with median: 1.0
INFO: Missing values in B_m1_resp_age filled with median: 37.0
INFO: Missing values in B_m1_relation_head filled with median: 1.0
INFO: Missing values in B_m1_school_years filled with median: 0.0
INFO: Missing values in B_m1_home_occup filled with median: 1.0
INFO: Missing values in B_HH_m1_act_crop_farm filled with median: 1.0
INFO: Missing values in B_HH_m1_act_liv_keep filled with median: 0.0
INFO: Missing values in B_HH_m1_act_poultry_keep filled with median: 0.0
INFO: Missing values in B_HH_m1_act_salaried filled with median: 0.0
INFO: Missing values in B_HH_m1_act_unemployed filled with median: 0.0
INFO: Missing values in B_m1_marital_status filled with median: 2.0
INFO: Missing values in B_HH_m2_code filled with median: 2104702.0
INFO: Missing values in B_m2_gender filled with median: 2.0
INFO: Missing values in B_m2_resp_age filled with median: 30.0
INFO: Missing values in B_m2_relation_head filled with median: 2.0
INFO: Missing values in B_m2_school_years filled with median: 0.0
INFO: Missing values in B_m2_home_occup filled with median: 1.0
INFO: Missing values in B_m2_marital_status filled with median: 2.0
INFO: Missing values in B_presence_child_6_59 filled with median: 1.0
INFO: Missing values in B_presence_mother_6_59 filled with median: 1.0
INFO: Missing values in B_index_child_HH_m_code filled with median: 2100703.0
INFO: Missing values in B_index_child_age filled with median: 24.0
INFO: Missing values in C_HH_dep_full_agri filled with median: 3.0
INFO: Missing values in C_HH_land_crop_ws_acc filled with median: 2.0
INFO: Missing values in C_keep_animals filled with median: 1.0
INFO: Missing values in C_used_keep_liv filled with median: 1.0
INFO: Missing values in C_reason_drought filled with median: 0.0
INFO: Missing values in C_reason_raid filled with median: 1.0
INFO: Missing values in C_reason_poverty filled with median: 0.0
INFO: Missing values in C_reason_Security filled with median: 0.0
INFO: Missing values in C_reason_animal_dis filled with median: 1.0
INFO: Missing values in C_reason_other filled with median: 0.0
INFO: Missing values in C_cattle_keeping filled with median: 1.0
INFO: Missing values in C_sheep_keeping filled with median: 1.0
INFO: Missing values in C_goats_keeping filled with median: 1.0
INFO: Missing values in C_camels_keeping filled with median: 0.0
INFO: Missing values in C_chicken_keeping filled with median: 1.0
INFO: Missing values in C_pigs_keeping filled with median: 0.0
INFO: Missing values in C_liv_change_cattle filled with median: 3.0
INFO: Missing values in C_liv_change_sheep filled with median: 3.0
INFO: Missing values in C_liv_change_goats filled with median: 3.0
INFO: Missing values in C_liv_change_camels filled with median: 1.0
INFO: Missing values in C_liv_change_poultry filled with median: 2.0
INFO: Missing values in C_liv_cattle_sell_amount_milk filled with median: 2000.0
INFO: Missing values in C_liv_camel_sell_amount_milk filled with median: 11.0
INFO: Missing values in C_liv_sell_freq_chicken filled with median: 3.0
INFO: Missing values in C_liv_sell_nr_chicken filled with median: 2.0
INFO: Missing values in C_liv_sell_eggs filled with median: 0.0
INFO: Missing values in C_liv_sell_freq_eggs filled with median: 2.0
INFO: Missing values in C_liv_sell_nr_eggs filled with median: 8.0
INFO: Missing values in C_milking_dly_vol_ws_cow filled with median: 2.5
INFO: Missing values in C_milking_dly_vol_ds_cow filled with median: 1.0
INFO: Missing values in C_milking_dly_vol_ws_goat filled with median: 1.0
INFO: Missing values in C_milking_dly_vol_ds_goat filled with median: 0.25
INFO: Missing values in C_milking_dly_vol_ws_camel filled with median: 5.0
INFO: Missing values in C_milking_dly_vol_ds_camel filled with median: 1.5
INFO: Missing values in C_crops_growth filled with median: 1.0
INFO: Missing values in C_crops_grown_maize filled with median: 1.0
INFO: Missing values in C_crops_grown_sorghum filled with median: 1.0
INFO: Missing values in C_crops_grown_millet filled with median: 0.0
INFO: Missing values in C_crops_grown_beans filled with median: 1.0
INFO: Missing values in C_crops_grown_groundnuts filled with median: 0.0
INFO: Missing values in C_crops_grown_cassava filled with median: 0.0
INFO: Missing values in C_crops_grown_sweet_potatoes filled with median: 0.0
INFO: Missing values in C_crops_grown_trad_veg filled with median: 0.0
INFO: Missing values in C_crops_grown_other filled with median: 0.0
INFO: Missing values in C_crops_grown_change_5yr filled with median: 2.0
INFO: Missing values in C_tree1_use_fruits filled with median: 0.0
INFO: Missing values in C_tree2_use_fruits filled with median: 0.0
INFO: Missing values in C_tree3_use_fruits filled with median: 0.0
INFO: Missing values in C_tree4_use_fruits filled with median: 0.0
INFO: Missing values in C_tree5_use_fruits filled with median: 0.0
INFO: Missing values in C_tree6_use_fruits filled with median: 0.0
INFO: Missing values in C_tree7_use_fruits filled with median: 0.0
INFO: Missing values in C_tree8_use_fruits filled with median: 0.0
INFO: Missing values in C_tree9_use_fruits filled with median: 0.0
INFO: Missing values in C_tree10_use_fruits filled with median: 0.0
INFO: Missing values in C_tree11_use_fruits filled with median: 1.0
INFO: Missing values in C_tree12_use_fruits filled with median: 0.0
INFO: Missing values in D_Hmigr1_foodshortage filled with median: 0.0
INFO: Missing values in D_Hmigr1_drought filled with median: 0.0
INFO: Missing values in D_Hmigr1_weather filled with median: 0.0
INFO: Missing values in D_Hmigr2_foodshortage filled with median: 0.0
INFO: Missing values in D_Hmigr2_drought filled with median: 0.0
INFO: Missing values in D_Hmigr2_weather filled with median: 0.0
INFO: Missing values in D_Hmigr3_foodshortage filled with median: 0.0
INFO: Missing values in D_Hmigr3_drought filled with median: 0.0
INFO: Missing values in D_Hmigr3_weather filled with median: 0.0
INFO: Missing values in D_Hmigr4_foodshortage filled with median: 1.0
INFO: Missing values in D_Hmigr4_drought filled with median: 0.0
INFO: Missing values in D_Hmigr4_weather filled with median: 0.0
INFO: Missing values in E_drink_water_piped filled with median: 0.0
INFO: Missing values in E_drink_water_piped_min filled with median: 9.5
INFO: Missing values in E_drink_water_piped_km filled with median: 0.25
INFO: Missing values in E_drink_water_borehole filled with median: 1.0
INFO: Missing values in E_drink_water_borehole_min filled with median: 17.5
INFO: Missing values in E_drink_water_borehole_km filled with median: 0.5
INFO: Missing values in E_drink_water_well filled with median: 0.0
INFO: Missing values in E_drink_water_well_min filled with median: 30.0
INFO: Missing values in E_drink_water_well_km filled with median: 1.0
INFO: Missing values in E_drink_water_springs filled with median: 0.0
INFO: Missing values in E_drink_water_springs_min filled with median: 7.5
INFO: Missing values in E_drink_water_springs_km filled with median: 0.25
INFO: Missing values in E_drink_water_stream filled with median: 0.0
INFO: Missing values in E_drink_water_stream_min filled with median: 20.0
INFO: Missing values in E_drink_water_stream_km filled with median: 1.0
INFO: Missing values in E_drink_water_lake filled with median: 0.0
INFO: Missing values in E_drink_water_lake_min filled with median: nan
INFO: Missing values in E_drink_water_lake_km filled with median: nan
INFO: Missing values in E_drink_water_pond_dam filled with median: 0.0
INFO: Missing values in E_drink_water_pond_min filled with median: 60.0
INFO: Missing values in E_drink_water_pond_dam_km filled with median: 1.5
INFO: Missing values in E_drink_water_rain_water filled with median: 0.0
INFO: Missing values in E_drink_water_rain_water_min filled with median: 0.0
INFO: Missing values in E_drink_water_rain_water_km filled with median: 0.0
INFO: Missing values in F_HH_tot_expenditure filled with median: 350000.0
INFO: Missing values in F_expenditure_food filled with median: 1.0
INFO: Missing values in F_income_head_control filled with median: 2.0
INFO: Missing values in F_income_HH_tot filled with median: 500000.0
INFO: Missing values in F_income_liv_product_sales filled with median: 1.0
INFO: Missing values in F_earnings_liv_product filled with median: 70000.0
INFO: Missing values in F_income_all_crops filled with median: 45000.0
INFO: Missing values in F_income_business filled with median: 0.0
INFO: Missing values in F_income_salary filled with median: 0.0
INFO: Missing values in F_income_governmental filled with median: 0.0
INFO: Missing values in G_m_liv_death_drought filled with median: 1.0
INFO: Missing values in G_m_liv_death_food filled with median: 0.0
INFO: Missing values in G_m_liv_ill_drought filled with median: 0.0
INFO: Missing values in G_m_liv_ill_food filled with median: 0.0
INFO: Missing values in G_m_liv_sale filled with median: 0.0
INFO: Missing values in G_m_liv_sale_drought filled with median: 1.0
INFO: Missing values in G_m_liv_sale_food filled with median: 0.0
INFO: Missing values in G_m_prod_loss filled with median: 0.0
INFO: Missing values in G_m_prod_loss_drought filled with median: 1.0
INFO: Missing values in G_m_prod_loss_flood filled with median: 0.0
INFO: Missing values in G_m_prod_loss_crop filled with median: 0.0
INFO: Missing values in G_m_prod_loss_food filled with median: 1.0
INFO: Missing values in G_m_liv_raid_food filled with median: 0.0
INFO: Missing values in G_m_liv_buy_drought filled with median: 0.0
INFO: Missing values in G_m_interconf_raid_food filled with median: 0.0
INFO: Missing values in G_m_interconf_grass_food filled with median: 0.0
INFO: Missing values in G_m_interconf_water_drought filled with median: 1.0
INFO: Missing values in G_m_interconf_water_food filled with median: 0.0
INFO: Missing values in G_m_interconf_liv_drought filled with median: 0.0
INFO: Missing values in G_m_interconf_liv_food filled with median: 0.0
INFO: Missing values in G_m_interconf_land_drought filled with median: 0.0
INFO: Missing values in G_m_interconf_land_food filled with median: 0.0
INFO: Missing values in G_m_other_interconf_drought filled with median: 0.0
INFO: Missing values in G_m_other_interconf_food filled with median: 0.0
INFO: Missing values in G_m_intraconf_grass_drought filled with median: 0.0
INFO: Missing values in G_m_intraconf_grass_food filled with median: 0.0
INFO: Missing values in G_m_intraconf_water_drought filled with median: 0.0
INFO: Missing values in G_m_intraconf_water_food filled with median: 0.0
INFO: Missing values in G_m_intraconf_liv_drought filled with median: 0.0
INFO: Missing values in G_m_intraconf_liv_food filled with median: 0.0
INFO: Missing values in G_m_intraconf_land_drought filled with median: 0.0
INFO: Missing values in G_m_intraconf_land_food filled with median: 0.0
INFO: Missing values in G_m_other_intraconf_drought filled with median: 0.0
INFO: Missing values in G_m_other_intraconf_food filled with median: 0.0
INFO: Missing values in G_m_famy_conf_land_drought filled with median: 0.0
INFO: Missing values in G_m_famy_conf_land_food filled with median: 0.0
INFO: Missing values in G_m_famy_conf_liv_drought filled with median: 0.0
INFO: Missing values in G_m_famy_conf_liv_food filled with median: 0.0
INFO: Missing values in G_m_famy_conf_trust_drought filled with median: 0.0
INFO: Missing values in G_m_famy_conf_trust_food filled with median: 0.0
INFO: Missing values in G_m_famy_confbasic_drought filled with median: 0.0
INFO: Missing values in G_m_famy_confbasic_food filled with median: 0.0
INFO: Missing values in G_m_famy_otherconf_drought filled with median: 0.0
INFO: Missing values in G_m_famy_otherconf_food filled with median: 0.0
INFO: Missing values in G_m_famy_alc_drought filled with median: 0.0
INFO: Missing values in G_m_famy_alc_food filled with median: 0.0
INFO: Missing values in G_m_famy_viol_drought filled with median: 0.0
INFO: Missing values in G_m_famy_viol_food filled with median: 0.0
INFO: Missing values in G_m_climatechange filled with median: 1.0
INFO: Missing values in G_m_climate_drier filled with median: 1.0
INFO: Missing values in G_m_climate_wetter filled with median: 0.0
INFO: Missing values in G_m_climate_more_variable filled with median: 0.0
INFO: Missing values in G_m_climate_hotter filled with median: 0.0
INFO: Missing values in G_m_climate_unpredictable filled with median: 0.0
INFO: Missing values in G_m_climate_shorter_rain_season filled with median: 0.0
INFO: Missing values in G_m_climate_intense_rain_season filled with median: 0.0
INFO: Missing values in G_m_climate_windy filled with median: 0.0
INFO: Missing values in G_m_climate_season_changed filled with median: 0.0
INFO: Missing values in G_m_climate_other filled with median: 0.0
INFO: Missing values in G_m_climate_income_loss filled with median: 0.0
INFO: Missing values in G_m_climate_health filled with median: 0.0
INFO: Missing values in G_m_climate_food filled with median: 1.0
INFO: Missing values in G_m_climate_displacement filled with median: 0.0
INFO: Missing values in G_m_climate_imp_other filled with median: 0.0
INFO: Missing values in G_m_climate_crop_cultivation filled with median: 0.0
INFO: Missing values in G_m_climate_resistant_crops filled with median: 0.0
INFO: Missing values in G_m_climate_early_maturing_crops filled with median: 0.0
INFO: Missing values in G_m_climate_herd_composition filled with median: 0.0
INFO: Missing values in G_m_climate_liv_medic filled with median: 0.0
INFO: Missing values in G_m_climate_migrd filled with median: 0.0
INFO: Missing values in G_m_climate_casual_labour filled with median: 0.0
INFO: Missing values in G_m_climate_sold_animals filled with median: 0.0
INFO: Missing values in G_m_climate_reduced_liv filled with median: 0.0
INFO: Missing values in G_m_climate_migrd_liv filled with median: 0.0
INFO: Missing values in G_m_climate_cope_other filled with median: 0.0
INFO: Missing values in G_m_climatechange_worry filled with median: 1.0
INFO: Missing values in H_liv_ext filled with median: 0.0
INFO: Missing values in HM_liv_ext_count filled with median: 1.0
INFO: Missing values in HF_liv_ext_count filled with median: 1.0
INFO: Missing values in H_crop_ext filled with median: 0.0
INFO: Missing values in HM_crop_ext_count filled with median: 1.0
INFO: Missing values in HF_crop_ext_count filled with median: 1.0
INFO: Missing values in H_veterinary_ext filled with median: 0.0
INFO: Missing values in HM_veterinary_ext_count filled with median: 1.0
INFO: Missing values in HF_veterinary_ext_count filled with median: 1.0
INFO: Missing values in H_marketing_ext filled with median: 0.0
INFO: Missing values in HM_marketing_ext_count filled with median: 1.0
INFO: Missing values in HF_marketing_ext_count filled with median: 1.0
INFO: Missing values in H_other_ext filled with median: 0.0
INFO: Missing values in HM_other_ext_count filled with median: 1.0
INFO: Missing values in HF_other_ext_count filled with median: 1.0
INFO: Missing values in H_insurance filled with median: 0.0
INFO: Missing values in HM_insurance_count filled with median: 1.0
INFO: Missing values in HF_insurance_count filled with median: 0.0
INFO: Missing values in H_savings filled with median: 0.0
INFO: Missing values in HM_savings_count filled with median: 1.0
INFO: Missing values in HF_savings_count filled with median: 1.0
INFO: Missing values in H_VHp_CHW_access filled with median: 1.0
INFO: Missing values in H_health_insurance filled with median: 0.0
INFO: Missing values in H_garden filled with median: 0.0
INFO: Missing values in H_garden_size filled with median: 14.5
INFO: Missing values in H_income_work filled with median: 1.0
INFO: Missing values in H_income_own_farm_agri_prod filled with median: 0.0
INFO: Missing values in H_income_work_gvt filled with median: 0.0
INFO: Missing values in H_income_business filled with median: 0.0
INFO: Missing values in H_income_earn filled with median: 40000.0
INFO: Missing values in H_income_for_food filled with median: 30000.0
INFO: Missing values in I_f_has_crops filled with median: 1.0
INFO: Missing values in I_f_harvest filled with median: 1.0
INFO: Missing values in I_f_harvest_drought filled with median: 1.0
INFO: Missing values in I_f_harvest_income filled with median: 0.0
INFO: Missing values in I_f_harvest_food filled with median: 0.0
INFO: Missing values in I_f_harvest_sold_live filled with median: 0.0
INFO: Missing values in I_f_harvest_sold_asset filled with median: 0.0
INFO: Missing values in I_f_harvest_help filled with median: 0.0
INFO: Missing values in I_f_harvest_school filled with median: 0.0
INFO: Missing values in I_f_harvest_childmarry filled with median: 0.0
INFO: Missing values in I_f_harvest_migr filled with median: 0.0
INFO: Missing values in I_f_harvest_saving filled with median: 0.0
INFO: Missing values in I_f_harvest_job filled with median: 0.0
INFO: Missing values in I_f_harvest_conf_resol filled with median: 0.0
INFO: Missing values in I_f_harvest_kraal filled with median: 0.0
INFO: Missing values in I_f_harvest_othercop filled with median: 0.0
INFO: Missing values in I_f_pest_drought filled with median: 0.0
INFO: Missing values in I_f_pest_food filled with median: 0.0
INFO: Missing values in I_f_crop_pricesale filled with median: 0.0
INFO: Missing values in I_f_crop_pricesale_drought filled with median: 0.0
INFO: Missing values in I_f_crop_pricesale_food filled with median: 0.0
INFO: Missing values in I_f_liv_buy filled with median: 1.0
INFO: Missing values in I_f_liv_buy_drought filled with median: 0.0
INFO: Missing values in I_f_liv_buy_income filled with median: 0.0
INFO: Missing values in I_f_liv_buy_asset filled with median: 0.0
INFO: Missing values in I_f_liv_buy_food filled with median: 0.0
INFO: Missing values in I_f_salary_loss filled with median: 0.0
INFO: Missing values in I_f_salary_loss_drought filled with median: 0.0
INFO: Missing values in I_f_salary_loss_income filled with median: 0.5
INFO: Missing values in I_f_salary_loss_food filled with median: 0.0
INFO: Missing values in I_f_food_lack filled with median: 1.0
INFO: Missing values in I_f_food_lack_may22 filled with median: 1.0
INFO: Missing values in I_f_food_lack_apr22 filled with median: 1.0
INFO: Missing values in I_f_food_lack_mar22 filled with median: 1.0
INFO: Missing values in I_f_food_lack_feb22 filled with median: 1.0
INFO: Missing values in I_f_food_lack_jan22 filled with median: 1.0
INFO: Missing values in I_f_food_lack_dec21 filled with median: 0.0
INFO: Missing values in I_f_food_lack_nov21 filled with median: 0.0
INFO: Missing values in I_f_food_lack_oct21 filled with median: 0.0
INFO: Missing values in I_f_food_lack_sep21 filled with median: 0.0
INFO: Missing values in I_f_food_lack_aug21 filled with median: 0.0
INFO: Missing values in I_f_food_lack_jul21 filled with median: 0.0
INFO: Missing values in I_f_food_lack_jun21 filled with median: 0.0
INFO: Missing values in I_f_food_lack_drought filled with median: 1.0
INFO: Missing values in I_f_food_lack_flood filled with median: 0.0
INFO: Missing values in I_f_food_lack_crop filled with median: 0.0
INFO: Missing values in I_f_food_lack_viol filled with median: 0.0
INFO: Missing values in I_f_food_lack_disr filled with median: 0.0
INFO: Missing values in I_f_food_lack_HH_ill filled with median: 0.0
INFO: Missing values in I_f_food_lack_econ filled with median: 0.0
INFO: Missing values in I_f_food_lack_move filled with median: 0.0
INFO: Missing values in I_f_food_lack_dkn filled with median: 0.0
INFO: Missing values in I_f_food_lack_othercaus filled with median: 0.0
INFO: Missing values in I_f_food_lack_disr_spc filled with median: nan
INFO: Missing values in I_f_food_lack_income filled with median: 0.0
INFO: Missing values in I_f_food_lack_asset filled with median: 0.0
INFO: Missing values in I_f_food_lack_inc_ass filled with median: 0.0
INFO: Missing values in I_f_food_lack_HH_death filled with median: 0.0
INFO: Missing values in I_f_food_lack_otherimp filled with median: 0.0
INFO: Missing values in I_f_food_lack_food filled with median: 0.0
INFO: Missing values in I_f_food_lack_sold_live filled with median: 0.0
INFO: Missing values in I_f_food_lack_sold_asset filled with median: 0.0
INFO: Missing values in I_f_food_lack_help filled with median: 0.0
INFO: Missing values in I_f_food_lack_school filled with median: 0.0
INFO: Missing values in I_f_food_lack_childmarry filled with median: 0.0
INFO: Missing values in I_f_food_lack_migr filled with median: 0.0
INFO: Missing values in I_f_food_lack_saving filled with median: 0.0
INFO: Missing values in I_f_food_lack_job filled with median: 0.0
INFO: Missing values in I_f_food_lack_conf_resol filled with median: 0.0
INFO: Missing values in I_f_food_lack_kraal filled with median: 0.0
INFO: Missing values in I_f_food_lack_othercop filled with median: 0.0
INFO: Missing values in I_f_locust_drought filled with median: 0.0
INFO: Missing values in I_f_locust_food filled with median: 1.0
INFO: Missing values in I_f_water_lack_drought filled with median: 1.0
INFO: Missing values in I_f_water_lack_food filled with median: 0.0
INFO: Missing values in I_f_flood_drought filled with median: 0.0
INFO: Missing values in I_f_flood_food filled with median: 0.0
INFO: Missing values in I_f_fire_drought filled with median: 0.0
INFO: Missing values in I_f_fire_food filled with median: 0.0
INFO: Missing values in I_f_landgrab_drought filled with median: 0.0
INFO: Missing values in I_f_landgrab_food filled with median: 0.0
INFO: Missing values in I_f_erosion_drought filled with median: 0.0
INFO: Missing values in I_f_erosion_food filled with median: 0.0
INFO: Missing values in I_f_house_damage_drought filled with median: 0.0
INFO: Missing values in I_f_house_damage_food filled with median: 1.0
INFO: Missing values in I_f_dis_drought filled with median: 0.0
INFO: Missing values in I_f_dis_food filled with median: 0.0
INFO: Missing values in I_f_insecurity_drought filled with median: 0.0
INFO: Missing values in I_f_insecurity_food filled with median: 0.0
INFO: Missing values in I_f_other_crisis_drought filled with median: 0.0
INFO: Missing values in I_f_other_crisis_food filled with median: 0.0
INFO: Missing values in I_f_famy_conf_land_drought filled with median: 0.0
INFO: Missing values in I_f_famy_conf_land_food filled with median: 0.0
INFO: Missing values in I_f_famy_conf_liv_drought filled with median: 0.0
INFO: Missing values in I_f_famy_conf_liv_food filled with median: 0.0
INFO: Missing values in I_f_famy_conf_trust_drought filled with median: 0.0
INFO: Missing values in I_f_famy_conf_trust_food filled with median: 0.0
INFO: Missing values in I_f_famy_confbasic_drought filled with median: 0.0
INFO: Missing values in I_f_famy_confbasic_food filled with median: 0.0
INFO: Missing values in I_f_famy_otherconf_drought filled with median: 0.0
INFO: Missing values in I_f_famy_otherconf_food filled with median: 0.0
INFO: Missing values in I_f_intraconf_grass_drought filled with median: 0.0
INFO: Missing values in I_f_intraconf_grass_food filled with median: 0.0
INFO: Missing values in I_f_intraconf_water_drought filled with median: 0.0
INFO: Missing values in I_f_intraconf_water_food filled with median: 0.0
INFO: Missing values in I_f_intraconf_liv_drought filled with median: 0.0
INFO: Missing values in I_f_intraconf_liv_food filled with median: 0.0
INFO: Missing values in I_f_intraconf_land_drought filled with median: 0.0
INFO: Missing values in I_f_intraconf_land_food filled with median: 0.0
INFO: Missing values in I_f_other_intraconf_drought filled with median: 0.0
INFO: Missing values in I_f_other_intraconf_food filled with median: 0.0
INFO: Missing values in I_f_famy_viol_cause_drought filled with median: 0.0
INFO: Missing values in I_f_famy_viol_cop_food filled with median: 0.0
INFO: Missing values in I_f_famy_death filled with median: 0.0
INFO: Missing values in I_f_famy_death_count filled with median: 1.0
INFO: Missing values in I_f_famy_death_cause filled with median: 66.0
INFO: Missing values in I_f_famy_death_sex filled with median: 2.0
INFO: Missing values in I_f_famy_death_age filled with median: 12.0
INFO: Missing values in I_f_climatechange filled with median: 1.0
INFO: Missing values in I_f_climate_drier filled with median: 1.0
INFO: Missing values in I_f_climate_wetter filled with median: 0.0
INFO: Missing values in I_f_climate_more_variable filled with median: 0.0
INFO: Missing values in I_f_climate_hotter filled with median: 0.0
INFO: Missing values in I_f_climate_unpredictable filled with median: 0.0
INFO: Missing values in I_f_climate_shorter_rain_season filled with median: 0.0
INFO: Missing values in I_f_climate_intense_rain_season filled with median: 0.0
INFO: Missing values in I_f_climate_windy filled with median: 0.0
INFO: Missing values in I_f_climate_season_changed filled with median: 0.0
INFO: Missing values in I_f_climate_other filled with median: 0.0
INFO: Missing values in I_f_climate_income_loss filled with median: 0.0
INFO: Missing values in I_f_climate_health filled with median: 0.0
INFO: Missing values in I_f_climate_food filled with median: 1.0
INFO: Missing values in I_f_climate_crop_cultivation filled with median: 0.0
INFO: Missing values in I_f_climate_resistant_crops filled with median: 0.0
INFO: Missing values in I_f_climate_early_maturing_crops filled with median: 0.0
INFO: Missing values in I_f_climate_herd_composition filled with median: 0.0
INFO: Missing values in J_food_enough_worry filled with median: 1.0
INFO: Missing values in J_food_enough_worry_freq filled with median: 2.0
INFO: Missing values in J_food_kind_prefer filled with median: 1.0
INFO: Missing values in J_food_kind_prefer_freq filled with median: 2.0
INFO: Missing values in J_food_variety_limited filled with median: 1.0
INFO: Missing values in J_food_variety_limited_freq filled with median: 2.0
INFO: Missing values in J_food_dislike_eat filled with median: 1.0
INFO: Missing values in J_food_dislike_eat_freq filled with median: 2.0
INFO: Missing values in J_food_smaller_meal filled with median: 1.0
INFO: Missing values in J_food_smaller_meal_freq filled with median: 2.0
INFO: Missing values in J_food_fewer_meals filled with median: 1.0
INFO: Missing values in J_food_fewer_meals_freq filled with median: 2.0
INFO: Missing values in J_food_none_day filled with median: 1.0
INFO: Missing values in J_food_none_day_freq filled with median: 2.0
INFO: Missing values in J_food_hungry_night filled with median: 1.0
INFO: Missing values in J_food_hungry_night_freq filled with median: 2.0
INFO: Missing values in J_food_no_eat filled with median: 0.0
INFO: Missing values in J_food_no_eat_freq filled with median: 1.0
INFO: Missing values in J_adeq_food filled with median: 0.0
INFO: Missing values in J_adeq_may22 filled with median: 0.0
INFO: Missing values in J_adeq_apr22 filled with median: 0.0
INFO: Missing values in J_adeq_mar22 filled with median: 0.0
INFO: Missing values in J_adeq_feb22 filled with median: 0.0
INFO: Missing values in J_adeq_jan22 filled with median: 0.0
INFO: Missing values in J_adeq_dec21 filled with median: 1.0
INFO: Missing values in J_adeq_nov21 filled with median: 1.0
INFO: Missing values in J_adeq_oct21 filled with median: 1.0
INFO: Missing values in J_adeq_sep21 filled with median: 1.0
INFO: Missing values in J_adeq_aug21 filled with median: 0.0
INFO: Missing values in J_adeq_jul21 filled with median: 0.0
INFO: Missing values in J_adeq_jun21 filled with median: 0.0
INFO: Missing values in J_ch_ever_brf filled with median: 1.0
INFO: Missing values in J_ch_still_brf filled with median: 1.0
INFO: Missing values in J_ch_brf_yesterday filled with median: 1.0
INFO: Missing values in J_ch_water filled with median: 1.0
INFO: Missing values in J_ch_formula filled with median: 0.0
INFO: Missing values in J_ch_formula_freq filled with median: 3.0
INFO: Missing values in J_ch_animal_milk filled with median: 1.0
INFO: Missing values in J_ch_anim_milk_freq filled with median: 2.0
INFO: Missing values in J_ch_milk_sweet_flav filled with median: 0.0
INFO: Missing values in J_ch_yogurt_drink filled with median: 0.0
INFO: Missing values in J_ch_yogdrink_freq filled with median: 2.0
INFO: Missing values in J_ch_yogdrink_sweet_flav filled with median: 1.0
INFO: Missing values in J_ch_choc_flav_drink filled with median: 0.0
INFO: Missing values in J_ch_juice_flav_drinks filled with median: 0.0
INFO: Missing values in J_ch_soft_energy_drinks filled with median: 0.0
INFO: Missing values in J_ch_beverage_drinks filled with median: 0.0
INFO: Missing values in J_ch_sweet_bev_drink filled with median: 1.0
INFO: Missing values in J_ch_clear_soup_broth filled with median: 0.0
INFO: Missing values in J_ch_other_drink filled with median: 0.0
INFO: Missing values in J_ch_other_drink_sweet filled with median: 0.0
INFO: Missing values in J_f_mother_index_ch filled with median: 1.0
INFO: Missing values in J_f_pregnant filled with median: 0.0
INFO: Missing values in J_f_lactating filled with median: 1.0
INFO: Missing values in J_mother_location filled with median: 1.0
INFO: Missing values in J_f_grains filled with median: 1.0
INFO: Missing values in J_ch_grains filled with median: 1.0
INFO: Missing values in J_f_orange_veg_roots filled with median: 0.0
INFO: Missing values in J_ch_orange_veg_roots filled with median: 0.0
INFO: Missing values in J_f_white_roots_tubers filled with median: 0.0
INFO: Missing values in J_ch_white_roots_tubers filled with median: 0.0
INFO: Missing values in J_f_green_leafy_veg filled with median: 1.0
INFO: Missing values in J_ch_green_leafy_veg filled with median: 0.0
INFO: Missing values in J_f_other_veg filled with median: 0.0
INFO: Missing values in J_ch_other_veg filled with median: 0.0
INFO: Missing values in J_f_other_fruit filled with median: 0.0
INFO: Missing values in J_ch_other_fruit filled with median: 0.0
INFO: Missing values in J_f_orange_fruit filled with median: 0.0
INFO: Missing values in J_ch_orange_fruit filled with median: 0.0
INFO: Missing values in J_f_organs filled with median: 0.0
INFO: Missing values in J_ch_organs filled with median: 0.0
INFO: Missing values in J_f_meat_poultry filled with median: 0.0
INFO: Missing values in J_ch_meat_poultry filled with median: 0.0
INFO: Missing values in J_f_egg filled with median: 0.0
INFO: Missing values in J_ch_egg filled with median: 0.0
INFO: Missing values in J_f_fish filled with median: 0.0
INFO: Missing values in J_ch_fish filled with median: 0.0
INFO: Missing values in J_f_beans filled with median: 0.0
INFO: Missing values in J_ch_beans filled with median: 0.0
INFO: Missing values in J_f_nuts filled with median: 0.0
INFO: Missing values in J_ch_nuts filled with median: 0.0
INFO: Missing values in J_f_cheese filled with median: 0.0
INFO: Missing values in J_ch_cheese filled with median: 0.0
INFO: Missing values in J_f_fried_foods filled with median: 0.0
INFO: Missing values in J_ch_fried_foods filled with median: 0.0
INFO: Missing values in J_f_sweet_foods filled with median: 0.0
INFO: Missing values in J_ch_sweet_foods filled with median: 0.0
INFO: Missing values in J_f_relief_foods filled with median: 0.0
INFO: Missing values in J_ch_relief_foods filled with median: 0.0
INFO: Missing values in J_f_suppl_feeding_programme filled with median: 0.0
INFO: Missing values in J_ch_suppl_feeding_programme filled with median: 0.0
INFO: Missing values in J_ch_other_food filled with median: 0.0
INFO: Missing values in J_ch_food_type filled with median: nan
INFO: Missing values in J_ch_other_food_freq filled with median: 2.0
INFO: Missing values in K_gen_health_status filled with median: 2.0
INFO: Missing values in K_ch_diarrhoea filled with median: 0.0
INFO: Missing values in K_ch_diarrhoea_doc_nurse filled with median: 1.0
INFO: Missing values in K_ch_malaria filled with median: 1.0
INFO: Missing values in K_ch_malaria_doc_nurse filled with median: 1.0
INFO: Missing values in K_ch_respiratory_dis filled with median: 1.0
INFO: Missing values in K_ch_respiratory_dis_doc_nurse filled with median: 1.0
INFO: Missing values in K_ch_fever filled with median: 1.0
INFO: Missing values in K_ch_fever_doc_nurse filled with median: 1.0
INFO: Missing values in K_ch_weight filled with median: 9.65
INFO: Missing values in K_ch_length filled with median: 71.4
INFO: Missing values in K_ch_height filled with median: 85.6
INFO: Missing values in K_ch_muac filled with median: 13.8
INFO: Missing values in K_ch_malnutr filled with median: 4.0
INFO: Missing values in K_f_weight filled with median: 50.0
INFO: Missing values in K_f_necklace filled with median: 0.0
INFO: Missing values in K_f_necklaces_counts filled with median: 5.0
INFO: Missing values in K_f_height filled with median: 162.3
INFO: Missing values in K_f_muac filled with median: 24.2
INFO: Missing values in K_f_malnutr filled with median: 1.0
INFO: Missing values in K_f_malnutr1_lac filled with median: 3.0
INFO: Missing values in K_f_malnutr1_all filled with median: 3.0
INFO: Missing values in K_f_bmi filled with median: 18.98354148864746
INFO: Missing values in K_f_malnutr2 filled with median: 2.0
INFO: Missing values in J_f_Starchy_staples filled with median: 1.0
INFO: Missing values in J_f_Other_Vit_A_rich filled with median: 0.0
INFO: Missing values in J_f_Other_fruit_veg filled with median: 0.0
INFO: Missing values in J_f_Meat_fish filled with median: 0.0
INFO: Missing values in J_f_Legumes_nuts filled with median: 0.0
INFO: Missing values in WDDS filled with median: 3.0
INFO: Missing values in J_ch_Starchy_staples filled with median: 1.0
INFO: Missing values in J_ch_Beans_nuts filled with median: 0.0
INFO: Missing values in J_ch_Dairy filled with median: 0.0
INFO: Missing values in J_ch_Flesh_foods filled with median: 0.0
INFO: Missing values in J_ch_Vit_A_rich_fruit_veg filled with median: 1.0
INFO: Missing values in J_ch_Other_fruit_veg filled with median: 0.0
INFO: Missing values in MDD_IYCF filled with median: 3.0
INFO: Missing values in Q1 filled with median: 1.0
INFO: Missing values in Q1F filled with median: 2.0
INFO: Missing values in Q2 filled with median: 1.0
INFO: Missing values in Q2F filled with median: 2.0
INFO: Missing values in Q3 filled with median: 1.0
INFO: Missing values in Q3F filled with median: 2.0
INFO: Missing values in Q4 filled with median: 1.0
INFO: Missing values in Q4F filled with median: 2.0
INFO: Missing values in Q5 filled with median: 1.0
INFO: Missing values in Q5F filled with median: 2.0
INFO: Missing values in Q6 filled with median: 1.0
INFO: Missing values in Q6F filled with median: 2.0
INFO: Missing values in Q7 filled with median: 1.0
INFO: Missing values in Q7F filled with median: 2.0
INFO: Missing values in Q8 filled with median: 1.0
INFO: Missing values in Q8F filled with median: 2.0
INFO: Missing values in Q9 filled with median: 0.0
INFO: Missing values in Q9F filled with median: 1.0
INFO: Missing values in HFIAS filled with median: 4.0
INFO: Missing values in MAHFP_total filled with median: 4.0
INFO: Missing values in EXPENDITURE_EXCEEDING_INCOME filled with median: 0.0
INFO: Missing values in HOUSEHOLD_HEAD_AGE filled with median: 3.0
INFO: Missing values in HOUSEHOLD_SIZE filled with median: 1.0
INFO: Missing values in J_not_adeq_season filled with mode: 888
INFO: Missing values in J_f_other_beverage filled with mode: 888
INFO: Missing values in J_comments_food filled with mode: 888
INFO: Missing values in B_HH_type filled with median: 1.0
INFO: Missing values in B_HH_type filled with median: 1.0
